<?xml version="1.0" encoding="UTF-8"?>
<!-- Generated by org.testng.reporters.JUnitReportReporter -->
<testsuite hostname="belestiy" failures="0" tests="5" name="tests.AmazonTests" time="17.580" errors="0" timestamp="2022-10-31T17:48:51 EAT" skipped="0">
  <testcase classname="tests.AmazonTests" name="testHomePage" time="1.865"/>
  <system-out/>
  <testcase classname="tests.AmazonTests" name="testBrandPage" time="2.541"/>
  <system-out/>
  <testcase classname="tests.AmazonTests" name="testSortingPage" time="6.571"/>
  <system-out/>
  <testcase classname="tests.AmazonTests" name="testSortedTVListPage" time="0.186"/>
  <system-out/>
  <testcase classname="tests.AmazonTests" name="testSelectedTVPage" time="6.417"/>
  <system-out/>
</testsuite> <!-- tests.AmazonTests -->
